<?xml version="1.0" encoding="UTF-8"?>
<testsuite xmlns:xsi="http://www.w3.org/2001/XMLSchema-instance" xsi:noNamespaceSchemaLocation="https://maven.apache.org/surefire/maven-surefire-plugin/xsd/surefire-test-report-3.0.xsd" version="3.0" name="com.soumya.springbootapp.MySpringBootAwsDemoApplicationTests" time="5.876" tests="1" errors="0" skipped="0" failures="0">
  <properties>
[...]
</properties>
  <testcase name="contextLoads" classname="com.soumya.springbootapp.MySpringBootAwsDemoApplicationTests" time="1.002">
    <system-out><![CDATA[10:24:30.731 [main] DEBUG org.springframework.test.context.BootstrapUtils - Instantiating CacheAwareContextLoaderDelegate from class [org.springframework.test.context.cache.DefaultCacheAwareContextLoaderDelegate]
10:24:30.750 [main] DEBUG org.springframework.test.context.BootstrapUtils - Instantiating BootstrapContext using constructor [public org.springframework.test.context.support.DefaultBootstrapContext(java.lang.Class,org.springframework.test.context.CacheAwareContextLoaderDelegate)]
10:24:30.837 [main] DEBUG org.springframework.test.context.BootstrapUtils - Instantiating TestContextBootstrapper for test class [com.soumya.springbootapp.MySpringBootAwsDemoApplicationTests] from class [org.springframework.boot.test.context.SpringBootTestContextBootstrapper]
10:24:30.864 [main] INFO org.springframework.boot.test.context.SpringBootTestContextBootstrapper - Neither @ContextConfiguration nor @ContextHierarchy found for test class [com.soumya.springbootapp.MySpringBootAwsDemoApplicationTests], using SpringBootContextLoader
10:24:30.873 [main] DEBUG org.springframework.test.context.support.AbstractContextLoader - Did not detect default resource location for test class [com.soumya.springbootapp.MySpringBootAwsDemoApplicationTests]: class path resource [com/soumya/springbootapp/MySpringBootAwsDemoApplicationTests-context.xml] does not exist
10:24:30.874 [main] DEBUG org.springframework.test.context.support.AbstractContextLoader - Did not detect default resource location for test class [com.soumya.springbootapp.MySpringBootAwsDemoApplicationTests]: class path resource [com/soumya/springbootapp/MySpringBootAwsDemoApplicationTestsContext.groovy] does not exist
10:24:30.874 [main] INFO org.springframework.test.context.support.AbstractContextLoader - Could not detect default resource locations for test class [com.soumya.springbootapp.MySpringBootAwsDemoApplicationTests]: no resource found for suffixes {-context.xml, Context.groovy}.
10:24:30.876 [main] INFO org.springframework.test.context.support.AnnotationConfigContextLoaderUtils - Could not detect default configuration classes for test class [com.soumya.springbootapp.MySpringBootAwsDemoApplicationTests]: MySpringBootAwsDemoApplicationTests does not declare any static, non-private, non-final, nested classes annotated with @Configuration.
10:24:30.983 [main] DEBUG org.springframework.test.context.support.ActiveProfilesUtils - Could not find an 'annotation declaring class' for annotation type [org.springframework.test.context.ActiveProfiles] and class [com.soumya.springbootapp.MySpringBootAwsDemoApplicationTests]
10:24:31.426 [main] DEBUG org.springframework.context.annotation.ClassPathScanningCandidateComponentProvider - Identified candidate component class: file [E:\Phase5\MySpringBootAwsDemo\target\classes\com\soumya\springbootapp\MySpringBootAwsDemoApplication.class]
10:24:31.428 [main] INFO org.springframework.boot.test.context.SpringBootTestContextBootstrapper - Found @SpringBootConfiguration com.soumya.springbootapp.MySpringBootAwsDemoApplication for test class com.soumya.springbootapp.MySpringBootAwsDemoApplicationTests
10:24:31.683 [main] DEBUG org.springframework.boot.test.context.SpringBootTestContextBootstrapper - @TestExecutionListeners is not present for class [com.soumya.springbootapp.MySpringBootAwsDemoApplicationTests]: using defaults.
10:24:31.685 [main] INFO org.springframework.boot.test.context.SpringBootTestContextBootstrapper - Loaded default TestExecutionListener class names from location [META-INF/spring.factories]: [org.springframework.boot.test.mock.mockito.MockitoTestExecutionListener, org.springframework.boot.test.mock.mockito.ResetMocksTestExecutionListener, org.springframework.boot.test.autoconfigure.restdocs.RestDocsTestExecutionListener, org.springframework.boot.test.autoconfigure.web.client.MockRestServiceServerResetTestExecutionListener, org.springframework.boot.test.autoconfigure.web.servlet.MockMvcPrintOnlyOnFailureTestExecutionListener, org.springframework.boot.test.autoconfigure.web.servlet.WebDriverTestExecutionListener, org.springframework.boot.test.autoconfigure.webservices.client.MockWebServiceServerTestExecutionListener, org.springframework.test.context.web.ServletTestExecutionListener, org.springframework.test.context.support.DirtiesContextBeforeModesTestExecutionListener, org.springframework.test.context.event.ApplicationEventsTestExecutionListener, org.springframework.test.context.support.DependencyInjectionTestExecutionListener, org.springframework.test.context.support.DirtiesContextTestExecutionListener, org.springframework.test.context.transaction.TransactionalTestExecutionListener, org.springframework.test.context.jdbc.SqlScriptsTestExecutionListener, org.springframework.test.context.event.EventPublishingTestExecutionListener]
10:24:31.728 [main] DEBUG org.springframework.boot.test.context.SpringBootTestContextBootstrapper - Skipping candidate TestExecutionListener [org.springframework.test.context.transaction.TransactionalTestExecutionListener] due to a missing dependency. Specify custom listener classes or make the default listener classes and their required dependencies available. Offending class: [org/springframework/transaction/interceptor/TransactionAttributeSource]
10:24:31.730 [main] DEBUG org.springframework.boot.test.context.SpringBootTestContextBootstrapper - Skipping candidate TestExecutionListener [org.springframework.test.context.jdbc.SqlScriptsTestExecutionListener] due to a missing dependency. Specify custom listener classes or make the default listener classes and their required dependencies available. Offending class: [org/springframework/transaction/interceptor/TransactionAttribute]
10:24:31.731 [main] INFO org.springframework.boot.test.context.SpringBootTestContextBootstrapper - Using TestExecutionListeners: [org.springframework.test.context.web.ServletTestExecutionListener@40cb698e, org.springframework.test.context.support.DirtiesContextBeforeModesTestExecutionListener@3382f8ae, org.springframework.test.context.event.ApplicationEventsTestExecutionListener@60641ec8, org.springframework.boot.test.mock.mockito.MockitoTestExecutionListener@75f65e45, org.springframework.boot.test.autoconfigure.SpringBootDependencyInjectionTestExecutionListener@6eeade6c, org.springframework.test.context.support.DirtiesContextTestExecutionListener@4a891c97, org.springframework.test.context.event.EventPublishingTestExecutionListener@a5bd950, org.springframework.boot.test.mock.mockito.ResetMocksTestExecutionListener@4d18aa28, org.springframework.boot.test.autoconfigure.restdocs.RestDocsTestExecutionListener@75390459, org.springframework.boot.test.autoconfigure.web.client.MockRestServiceServerResetTestExecutionListener@7756c3cd, org.springframework.boot.test.autoconfigure.web.servlet.MockMvcPrintOnlyOnFailureTestExecutionListener@2313052e, org.springframework.boot.test.autoconfigure.web.servlet.WebDriverTestExecutionListener@2bd2b28e, org.springframework.boot.test.autoconfigure.webservices.client.MockWebServiceServerTestExecutionListener@16746061]
10:24:31.742 [main] DEBUG org.springframework.test.context.support.AbstractDirtiesContextTestExecutionListener - Before test class: context [DefaultTestContext@7e928e2f testClass = MySpringBootAwsDemoApplicationTests, testInstance = [null], testMethod = [null], testException = [null], mergedContextConfiguration = [WebMergedContextConfiguration@f667fe testClass = MySpringBootAwsDemoApplicationTests, locations = '{}', classes = '{class com.soumya.springbootapp.MySpringBootAwsDemoApplication}', contextInitializerClasses = '[]', activeProfiles = '{}', propertySourceLocations = '{}', propertySourceProperties = '{org.springframework.boot.test.context.SpringBootTestContextBootstrapper=true}', contextCustomizers = set[org.springframework.boot.test.context.filter.ExcludeFilterContextCustomizer@198d6542, org.springframework.boot.test.json.DuplicateJsonObjectContextCustomizerFactory$DuplicateJsonObjectContextCustomizer@5be49b60, org.springframework.boot.test.mock.mockito.MockitoContextCustomizer@0, org.springframework.boot.test.web.client.TestRestTemplateContextCustomizer@5c45d770, org.springframework.boot.test.autoconfigure.actuate.metrics.MetricsExportContextCustomizerFactory$DisableMetricExportContextCustomizer@73a8da0f, org.springframework.boot.test.autoconfigure.properties.PropertyMappingContextCustomizer@0, org.springframework.boot.test.autoconfigure.web.servlet.WebDriverContextCustomizerFactory$Customizer@4f6f416f, org.springframework.boot.test.context.SpringBootTestArgs@1, org.springframework.boot.test.context.SpringBootTestWebEnvironment@55183b20], resourceBasePath = 'src/main/webapp', contextLoader = 'org.springframework.boot.test.context.SpringBootContextLoader', parent = [null]], attributes = map['org.springframework.test.context.web.ServletTestExecutionListener.activateListener' -> true]], class annotated with @DirtiesContext [false] with mode [null].

  .   ____          _            __ _ _
 /\\ / ___'_ __ _ _(_)_ __  __ _ \ \ \ \
( ( )\___ | '_ | '_| | '_ \/ _` | \ \ \ \
 \\/  ___)| |_)| | | | | || (_| |  ) ) ) )
  '  |____| .__|_| |_|_| |_\__, | / / / /
 =========|_|==============|___/=/_/_/_/
 :: Spring Boot ::                (v2.6.6)

2022-04-20 10:24:32.519  INFO 4388 --- [           main] .s.s.MySpringBootAwsDemoApplicationTests : Starting MySpringBootAwsDemoApplicationTests using Java 17.0.2 on LAPTOP-P20FA13E with PID 4388 (started by Soumyajit Banerjee in E:\Phase5\MySpringBootAwsDemo)
2022-04-20 10:24:32.522  INFO 4388 --- [           main] .s.s.MySpringBootAwsDemoApplicationTests : No active profile set, falling back to 1 default profile: "default"
2022-04-20 10:24:35.401  INFO 4388 --- [           main] .s.s.MySpringBootAwsDemoApplicationTests : Started MySpringBootAwsDemoApplicationTests in 3.535 seconds (JVM running for 6.129)
]]></system-out>
  </testcase>
</testsuite>