<?xml version="1.0" encoding="UTF-8"?>
<testsuite xmlns:xsi="http://www.w3.org/2001/XMLSchema-instance" xsi:noNamespaceSchemaLocation="https://maven.apache.org/surefire/maven-surefire-plugin/xsd/surefire-test-report-3.0.xsd" version="3.0" name="com.soumya.springbootapp.SpringBootFormEntriesTestApplicationTests" time="3.651" tests="1" errors="0" skipped="0" failures="0">
  <properties>
[...]
</properties>
  <testcase name="contextLoads" classname="com.soumya.springbootapp.SpringBootFormEntriesTestApplicationTests" time="0.733">
    <system-out><![CDATA[11:08:19.669 [main] DEBUG org.springframework.test.context.BootstrapUtils - Instantiating CacheAwareContextLoaderDelegate from class [org.springframework.test.context.cache.DefaultCacheAwareContextLoaderDelegate]
11:08:19.678 [main] DEBUG org.springframework.test.context.BootstrapUtils - Instantiating BootstrapContext using constructor [public org.springframework.test.context.support.DefaultBootstrapContext(java.lang.Class,org.springframework.test.context.CacheAwareContextLoaderDelegate)]
11:08:19.715 [main] DEBUG org.springframework.test.context.BootstrapUtils - Instantiating TestContextBootstrapper for test class [com.soumya.springbootapp.SpringBootFormEntriesTestApplicationTests] from class [org.springframework.boot.test.context.SpringBootTestContextBootstrapper]
11:08:19.728 [main] INFO org.springframework.boot.test.context.SpringBootTestContextBootstrapper - Neither @ContextConfiguration nor @ContextHierarchy found for test class [com.soumya.springbootapp.SpringBootFormEntriesTestApplicationTests], using SpringBootContextLoader
11:08:19.731 [main] DEBUG org.springframework.test.context.support.AbstractContextLoader - Did not detect default resource location for test class [com.soumya.springbootapp.SpringBootFormEntriesTestApplicationTests]: class path resource [com/soumya/springbootapp/SpringBootFormEntriesTestApplicationTests-context.xml] does not exist
11:08:19.731 [main] DEBUG org.springframework.test.context.support.AbstractContextLoader - Did not detect default resource location for test class [com.soumya.springbootapp.SpringBootFormEntriesTestApplicationTests]: class path resource [com/soumya/springbootapp/SpringBootFormEntriesTestApplicationTestsContext.groovy] does not exist
11:08:19.732 [main] INFO org.springframework.test.context.support.AbstractContextLoader - Could not detect default resource locations for test class [com.soumya.springbootapp.SpringBootFormEntriesTestApplicationTests]: no resource found for suffixes {-context.xml, Context.groovy}.
11:08:19.732 [main] INFO org.springframework.test.context.support.AnnotationConfigContextLoaderUtils - Could not detect default configuration classes for test class [com.soumya.springbootapp.SpringBootFormEntriesTestApplicationTests]: SpringBootFormEntriesTestApplicationTests does not declare any static, non-private, non-final, nested classes annotated with @Configuration.
11:08:19.785 [main] DEBUG org.springframework.test.context.support.ActiveProfilesUtils - Could not find an 'annotation declaring class' for annotation type [org.springframework.test.context.ActiveProfiles] and class [com.soumya.springbootapp.SpringBootFormEntriesTestApplicationTests]
11:08:19.958 [main] DEBUG org.springframework.context.annotation.ClassPathScanningCandidateComponentProvider - Identified candidate component class: file [E:\Phase5\SpringBootFormEntriesTest\target\classes\com\soumya\springbootapp\SpringBootFormEntriesTestApplication.class]
11:08:19.958 [main] INFO org.springframework.boot.test.context.SpringBootTestContextBootstrapper - Found @SpringBootConfiguration com.soumya.springbootapp.SpringBootFormEntriesTestApplication for test class com.soumya.springbootapp.SpringBootFormEntriesTestApplicationTests
11:08:20.080 [main] DEBUG org.springframework.boot.test.context.SpringBootTestContextBootstrapper - @TestExecutionListeners is not present for class [com.soumya.springbootapp.SpringBootFormEntriesTestApplicationTests]: using defaults.
11:08:20.081 [main] INFO org.springframework.boot.test.context.SpringBootTestContextBootstrapper - Loaded default TestExecutionListener class names from location [META-INF/spring.factories]: [org.springframework.boot.test.mock.mockito.MockitoTestExecutionListener, org.springframework.boot.test.mock.mockito.ResetMocksTestExecutionListener, org.springframework.boot.test.autoconfigure.restdocs.RestDocsTestExecutionListener, org.springframework.boot.test.autoconfigure.web.client.MockRestServiceServerResetTestExecutionListener, org.springframework.boot.test.autoconfigure.web.servlet.MockMvcPrintOnlyOnFailureTestExecutionListener, org.springframework.boot.test.autoconfigure.web.servlet.WebDriverTestExecutionListener, org.springframework.boot.test.autoconfigure.webservices.client.MockWebServiceServerTestExecutionListener, org.springframework.test.context.web.ServletTestExecutionListener, org.springframework.test.context.support.DirtiesContextBeforeModesTestExecutionListener, org.springframework.test.context.event.ApplicationEventsTestExecutionListener, org.springframework.test.context.support.DependencyInjectionTestExecutionListener, org.springframework.test.context.support.DirtiesContextTestExecutionListener, org.springframework.test.context.transaction.TransactionalTestExecutionListener, org.springframework.test.context.jdbc.SqlScriptsTestExecutionListener, org.springframework.test.context.event.EventPublishingTestExecutionListener]
11:08:20.096 [main] DEBUG org.springframework.boot.test.context.SpringBootTestContextBootstrapper - Skipping candidate TestExecutionListener [org.springframework.test.context.transaction.TransactionalTestExecutionListener] due to a missing dependency. Specify custom listener classes or make the default listener classes and their required dependencies available. Offending class: [org/springframework/transaction/interceptor/TransactionAttributeSource]
11:08:20.097 [main] DEBUG org.springframework.boot.test.context.SpringBootTestContextBootstrapper - Skipping candidate TestExecutionListener [org.springframework.test.context.jdbc.SqlScriptsTestExecutionListener] due to a missing dependency. Specify custom listener classes or make the default listener classes and their required dependencies available. Offending class: [org/springframework/transaction/interceptor/TransactionAttribute]
11:08:20.097 [main] INFO org.springframework.boot.test.context.SpringBootTestContextBootstrapper - Using TestExecutionListeners: [org.springframework.test.context.web.ServletTestExecutionListener@56a4479a, org.springframework.test.context.support.DirtiesContextBeforeModesTestExecutionListener@62163b39, org.springframework.test.context.event.ApplicationEventsTestExecutionListener@20a8a64e, org.springframework.boot.test.mock.mockito.MockitoTestExecutionListener@62f4ff3b, org.springframework.boot.test.autoconfigure.SpringBootDependencyInjectionTestExecutionListener@1698fc68, org.springframework.test.context.support.DirtiesContextTestExecutionListener@4504d271, org.springframework.test.context.event.EventPublishingTestExecutionListener@207b8649, org.springframework.boot.test.mock.mockito.ResetMocksTestExecutionListener@65b3a85a, org.springframework.boot.test.autoconfigure.restdocs.RestDocsTestExecutionListener@34997338, org.springframework.boot.test.autoconfigure.web.client.MockRestServiceServerResetTestExecutionListener@57eda880, org.springframework.boot.test.autoconfigure.web.servlet.MockMvcPrintOnlyOnFailureTestExecutionListener@2b5825fa, org.springframework.boot.test.autoconfigure.web.servlet.WebDriverTestExecutionListener@53d1b9b3, org.springframework.boot.test.autoconfigure.webservices.client.MockWebServiceServerTestExecutionListener@2cae1042]
11:08:20.106 [main] DEBUG org.springframework.test.context.support.AbstractDirtiesContextTestExecutionListener - Before test class: context [DefaultTestContext@cb191ca testClass = SpringBootFormEntriesTestApplicationTests, testInstance = [null], testMethod = [null], testException = [null], mergedContextConfiguration = [WebMergedContextConfiguration@42f48531 testClass = SpringBootFormEntriesTestApplicationTests, locations = '{}', classes = '{class com.soumya.springbootapp.SpringBootFormEntriesTestApplication}', contextInitializerClasses = '[]', activeProfiles = '{}', propertySourceLocations = '{}', propertySourceProperties = '{org.springframework.boot.test.context.SpringBootTestContextBootstrapper=true}', contextCustomizers = set[org.springframework.boot.test.context.filter.ExcludeFilterContextCustomizer@3c01cfa1, org.springframework.boot.test.json.DuplicateJsonObjectContextCustomizerFactory$DuplicateJsonObjectContextCustomizer@39d9314d, org.springframework.boot.test.mock.mockito.MockitoContextCustomizer@0, org.springframework.boot.test.web.client.TestRestTemplateContextCustomizer@75d2da2d, org.springframework.boot.test.autoconfigure.actuate.metrics.MetricsExportContextCustomizerFactory$DisableMetricExportContextCustomizer@282cb7c7, org.springframework.boot.test.autoconfigure.properties.PropertyMappingContextCustomizer@0, org.springframework.boot.test.autoconfigure.web.servlet.WebDriverContextCustomizerFactory$Customizer@25f4878b, org.springframework.boot.test.context.SpringBootTestArgs@1, org.springframework.boot.test.context.SpringBootTestWebEnvironment@799f10e1], resourceBasePath = 'src/main/webapp', contextLoader = 'org.springframework.boot.test.context.SpringBootContextLoader', parent = [null]], attributes = map['org.springframework.test.context.web.ServletTestExecutionListener.activateListener' -> true]], class annotated with @DirtiesContext [false] with mode [null].

  .   ____          _            __ _ _
 /\\ / ___'_ __ _ _(_)_ __  __ _ \ \ \ \
( ( )\___ | '_ | '_| | '_ \/ _` | \ \ \ \
 \\/  ___)| |_)| | | | | || (_| |  ) ) ) )
  '  |____| .__|_| |_|_| |_\__, | / / / /
 =========|_|==============|___/=/_/_/_/
 :: Spring Boot ::                (v2.6.7)

2022-04-27 11:08:20.630  INFO 26456 --- [           main] pringBootFormEntriesTestApplicationTests : Starting SpringBootFormEntriesTestApplicationTests using Java 17.0.2 on LAPTOP-P20FA13E with PID 26456 (started by Soumyajit Banerjee in E:\Phase5\SpringBootFormEntriesTest)
2022-04-27 11:08:20.634  INFO 26456 --- [           main] pringBootFormEntriesTestApplicationTests : No active profile set, falling back to 1 default profile: "default"
2022-04-27 11:08:22.475  INFO 26456 --- [           main] pringBootFormEntriesTestApplicationTests : Started SpringBootFormEntriesTestApplicationTests in 2.304 seconds (JVM running for 3.711)
]]></system-out>
  </testcase>
</testsuite>